2019-10-11 12:13:39.047 [info] <0.43.0> Application lager started on node nonode@nohost
2019-10-11 12:13:39.052 [info] <0.43.0> Application xmerl started on node nonode@nohost
2019-10-11 12:13:39.054 [info] <0.43.0> Application jsx started on node nonode@nohost
2019-10-11 12:13:39.057 [info] <0.43.0> Application ranch started on node nonode@nohost
2019-10-11 12:13:39.058 [info] <0.43.0> Application recon started on node nonode@nohost
2019-10-11 12:13:39.058 [info] <0.43.0> Application rabbit_common started on node nonode@nohost
2019-10-11 12:13:39.063 [info] <0.43.0> Application amqp_client started on node nonode@nohost
2019-10-11 12:13:39.064 [info] <0.43.0> Application amqp started on node nonode@nohost
2019-10-11 12:13:39.064 [info] <0.43.0> Application rabbitmq_tutorials started on node nonode@nohost
2019-10-11 12:37:24.057 [info] <0.43.0> Application lager started on node nonode@nohost
2019-10-11 12:37:24.060 [info] <0.43.0> Application xmerl started on node nonode@nohost
2019-10-11 12:37:24.062 [info] <0.43.0> Application jsx started on node nonode@nohost
2019-10-11 12:37:24.064 [info] <0.43.0> Application ranch started on node nonode@nohost
2019-10-11 12:37:24.065 [info] <0.43.0> Application recon started on node nonode@nohost
2019-10-11 12:37:24.065 [info] <0.43.0> Application rabbit_common started on node nonode@nohost
2019-10-11 12:37:24.069 [info] <0.43.0> Application amqp_client started on node nonode@nohost
2019-10-11 12:37:24.071 [info] <0.43.0> Application amqp started on node nonode@nohost
2019-10-11 12:37:24.071 [info] <0.43.0> Application rabbitmq_tutorials started on node nonode@nohost
2019-10-11 13:00:17.071 [info] <0.43.0> Application lager started on node nonode@nohost
2019-10-11 13:00:17.074 [info] <0.43.0> Application xmerl started on node nonode@nohost
2019-10-11 13:00:17.076 [info] <0.43.0> Application jsx started on node nonode@nohost
2019-10-11 13:00:17.079 [info] <0.43.0> Application ranch started on node nonode@nohost
2019-10-11 13:00:17.080 [info] <0.43.0> Application recon started on node nonode@nohost
2019-10-11 13:00:17.080 [info] <0.43.0> Application rabbit_common started on node nonode@nohost
2019-10-11 13:00:17.084 [info] <0.43.0> Application amqp_client started on node nonode@nohost
2019-10-11 13:00:17.085 [info] <0.43.0> Application amqp started on node nonode@nohost
2019-10-11 13:00:17.085 [info] <0.43.0> Application rabbitmq_tutorials started on node nonode@nohost
2019-10-11 13:01:12.841 [info] <0.43.0> Application lager started on node nonode@nohost
2019-10-11 13:01:12.844 [info] <0.43.0> Application xmerl started on node nonode@nohost
2019-10-11 13:01:12.846 [info] <0.43.0> Application jsx started on node nonode@nohost
2019-10-11 13:01:12.848 [info] <0.43.0> Application ranch started on node nonode@nohost
2019-10-11 13:01:12.849 [info] <0.43.0> Application recon started on node nonode@nohost
2019-10-11 13:01:12.849 [info] <0.43.0> Application rabbit_common started on node nonode@nohost
2019-10-11 13:01:12.853 [info] <0.43.0> Application amqp_client started on node nonode@nohost
2019-10-11 13:01:12.855 [info] <0.43.0> Application amqp started on node nonode@nohost
2019-10-11 13:01:12.855 [info] <0.43.0> Application rabbitmq_tutorials started on node nonode@nohost
2019-10-11 13:01:36.712 [info] <0.43.0> Application lager started on node nonode@nohost
2019-10-11 13:01:36.715 [info] <0.43.0> Application xmerl started on node nonode@nohost
2019-10-11 13:01:36.717 [info] <0.43.0> Application jsx started on node nonode@nohost
2019-10-11 13:01:36.720 [info] <0.43.0> Application ranch started on node nonode@nohost
2019-10-11 13:01:36.721 [info] <0.43.0> Application recon started on node nonode@nohost
2019-10-11 13:01:36.721 [info] <0.43.0> Application rabbit_common started on node nonode@nohost
2019-10-11 13:01:36.725 [info] <0.43.0> Application amqp_client started on node nonode@nohost
2019-10-11 13:01:36.726 [info] <0.43.0> Application amqp started on node nonode@nohost
2019-10-11 13:01:36.726 [info] <0.43.0> Application rabbitmq_tutorials started on node nonode@nohost
2019-10-11 13:02:28.058 [info] <0.43.0> Application lager started on node nonode@nohost
2019-10-11 13:02:28.062 [info] <0.43.0> Application xmerl started on node nonode@nohost
2019-10-11 13:02:28.063 [info] <0.43.0> Application jsx started on node nonode@nohost
2019-10-11 13:02:28.066 [info] <0.43.0> Application ranch started on node nonode@nohost
2019-10-11 13:02:28.067 [info] <0.43.0> Application recon started on node nonode@nohost
2019-10-11 13:02:28.067 [info] <0.43.0> Application rabbit_common started on node nonode@nohost
2019-10-11 13:02:28.071 [info] <0.43.0> Application amqp_client started on node nonode@nohost
2019-10-11 13:02:28.073 [info] <0.43.0> Application amqp started on node nonode@nohost
2019-10-11 13:02:28.073 [info] <0.43.0> Application rabbitmq_tutorials started on node nonode@nohost
2019-10-11 13:02:33.390 [info] <0.43.0> Application lager started on node nonode@nohost
2019-10-11 13:02:33.394 [info] <0.43.0> Application xmerl started on node nonode@nohost
2019-10-11 13:02:33.395 [info] <0.43.0> Application jsx started on node nonode@nohost
2019-10-11 13:02:33.398 [info] <0.43.0> Application ranch started on node nonode@nohost
2019-10-11 13:02:33.399 [info] <0.43.0> Application recon started on node nonode@nohost
2019-10-11 13:02:33.399 [info] <0.43.0> Application rabbit_common started on node nonode@nohost
2019-10-11 13:02:33.403 [info] <0.43.0> Application amqp_client started on node nonode@nohost
2019-10-11 13:02:33.405 [info] <0.43.0> Application amqp started on node nonode@nohost
2019-10-11 13:02:33.405 [info] <0.43.0> Application rabbitmq_tutorials started on node nonode@nohost
2019-10-11 13:15:40.380 [info] <0.43.0> Application lager started on node nonode@nohost
2019-10-11 13:15:40.383 [info] <0.43.0> Application xmerl started on node nonode@nohost
2019-10-11 13:15:40.385 [info] <0.43.0> Application jsx started on node nonode@nohost
2019-10-11 13:15:40.388 [info] <0.43.0> Application ranch started on node nonode@nohost
2019-10-11 13:15:40.389 [info] <0.43.0> Application recon started on node nonode@nohost
2019-10-11 13:15:40.389 [info] <0.43.0> Application rabbit_common started on node nonode@nohost
2019-10-11 13:15:40.393 [info] <0.43.0> Application amqp_client started on node nonode@nohost
2019-10-11 13:15:40.394 [info] <0.43.0> Application amqp started on node nonode@nohost
2019-10-11 13:15:40.394 [info] <0.43.0> Application rabbitmq_tutorials started on node nonode@nohost
2019-10-11 13:15:45.098 [info] <0.43.0> Application lager started on node nonode@nohost
2019-10-11 13:15:45.101 [info] <0.43.0> Application xmerl started on node nonode@nohost
2019-10-11 13:15:45.103 [info] <0.43.0> Application jsx started on node nonode@nohost
2019-10-11 13:15:45.106 [info] <0.43.0> Application ranch started on node nonode@nohost
2019-10-11 13:15:45.107 [info] <0.43.0> Application recon started on node nonode@nohost
2019-10-11 13:15:45.107 [info] <0.43.0> Application rabbit_common started on node nonode@nohost
2019-10-11 13:15:45.111 [info] <0.43.0> Application amqp_client started on node nonode@nohost
2019-10-11 13:15:45.112 [info] <0.43.0> Application amqp started on node nonode@nohost
2019-10-11 13:15:45.112 [info] <0.43.0> Application rabbitmq_tutorials started on node nonode@nohost
2019-10-11 13:20:17.376 [info] <0.43.0> Application lager started on node nonode@nohost
2019-10-11 13:20:17.380 [info] <0.43.0> Application xmerl started on node nonode@nohost
2019-10-11 13:20:17.381 [info] <0.43.0> Application jsx started on node nonode@nohost
2019-10-11 13:20:17.384 [info] <0.43.0> Application ranch started on node nonode@nohost
2019-10-11 13:20:17.385 [info] <0.43.0> Application recon started on node nonode@nohost
2019-10-11 13:20:17.385 [info] <0.43.0> Application rabbit_common started on node nonode@nohost
2019-10-11 13:20:17.389 [info] <0.43.0> Application amqp_client started on node nonode@nohost
2019-10-11 13:20:17.391 [info] <0.43.0> Application amqp started on node nonode@nohost
2019-10-11 13:20:17.392 [info] <0.43.0> Application rabbitmq_tutorials started on node nonode@nohost
2019-10-11 13:20:21.830 [info] <0.43.0> Application lager started on node nonode@nohost
2019-10-11 13:20:21.834 [info] <0.43.0> Application xmerl started on node nonode@nohost
2019-10-11 13:20:21.836 [info] <0.43.0> Application jsx started on node nonode@nohost
2019-10-11 13:20:21.838 [info] <0.43.0> Application ranch started on node nonode@nohost
2019-10-11 13:20:21.839 [info] <0.43.0> Application recon started on node nonode@nohost
2019-10-11 13:20:21.839 [info] <0.43.0> Application rabbit_common started on node nonode@nohost
2019-10-11 13:20:21.844 [info] <0.43.0> Application amqp_client started on node nonode@nohost
2019-10-11 13:20:21.845 [info] <0.43.0> Application amqp started on node nonode@nohost
2019-10-11 13:20:21.845 [info] <0.43.0> Application rabbitmq_tutorials started on node nonode@nohost
2019-10-11 13:22:21.955 [info] <0.43.0> Application lager started on node nonode@nohost
2019-10-11 13:22:21.959 [info] <0.43.0> Application xmerl started on node nonode@nohost
2019-10-11 13:22:21.961 [info] <0.43.0> Application jsx started on node nonode@nohost
2019-10-11 13:22:21.963 [info] <0.43.0> Application ranch started on node nonode@nohost
2019-10-11 13:22:21.964 [info] <0.43.0> Application recon started on node nonode@nohost
2019-10-11 13:22:21.964 [info] <0.43.0> Application rabbit_common started on node nonode@nohost
2019-10-11 13:22:21.969 [info] <0.43.0> Application amqp_client started on node nonode@nohost
2019-10-11 13:22:21.970 [info] <0.43.0> Application amqp started on node nonode@nohost
2019-10-11 13:22:21.970 [info] <0.43.0> Application rabbitmq_tutorials started on node nonode@nohost
2019-10-11 13:22:26.046 [info] <0.43.0> Application lager started on node nonode@nohost
2019-10-11 13:22:26.050 [info] <0.43.0> Application xmerl started on node nonode@nohost
2019-10-11 13:22:26.051 [info] <0.43.0> Application jsx started on node nonode@nohost
2019-10-11 13:22:26.054 [info] <0.43.0> Application ranch started on node nonode@nohost
2019-10-11 13:22:26.055 [info] <0.43.0> Application recon started on node nonode@nohost
2019-10-11 13:22:26.055 [info] <0.43.0> Application rabbit_common started on node nonode@nohost
2019-10-11 13:22:26.059 [info] <0.43.0> Application amqp_client started on node nonode@nohost
2019-10-11 13:22:26.061 [info] <0.43.0> Application amqp started on node nonode@nohost
2019-10-11 13:22:26.061 [info] <0.43.0> Application rabbitmq_tutorials started on node nonode@nohost
2019-10-11 14:11:18.599 [error] <0.237.0> gen_server <0.237.0> terminated with reason: {socket_error,timeout}
2019-10-11 14:11:18.600 [error] <0.231.0> gen_server <0.231.0> terminated with reason: {socket_error,timeout}
2019-10-11 14:11:18.613 [error] <0.231.0> CRASH REPORT Process <0.231.0> with 0 neighbours exited with reason: {socket_error,timeout} in gen_server:handle_common_reply/8 line 751
2019-10-11 14:11:18.613 [error] <0.229.0> Supervisor {<0.229.0>,amqp_connection_sup} had child connection started with amqp_gen_connection:start_link(<0.230.0>, {amqp_params_network,<<"guest">>,<<"guest">>,<<"/">>,"localhost",5672,0,0,10,50000,none,[fun amqp_a..>,...],...}) at <0.231.0> exit with reason {socket_error,timeout} in context child_terminated
2019-10-11 14:11:18.613 [error] <0.229.0> Supervisor {<0.229.0>,amqp_connection_sup} had child connection started with amqp_gen_connection:start_link(<0.230.0>, {amqp_params_network,<<"guest">>,<<"guest">>,<<"/">>,"localhost",5672,0,0,10,50000,none,[fun amqp_a..>,...],...}) at <0.231.0> exit with reason reached_max_restart_intensity in context shutdown
2019-10-11 15:34:38.116 [info] <0.43.0> Application lager started on node nonode@nohost
2019-10-11 15:34:38.118 [info] <0.43.0> Application xmerl started on node nonode@nohost
2019-10-11 15:34:38.120 [info] <0.43.0> Application jsx started on node nonode@nohost
2019-10-11 15:34:38.123 [info] <0.43.0> Application ranch started on node nonode@nohost
2019-10-11 15:34:38.124 [info] <0.43.0> Application recon started on node nonode@nohost
2019-10-11 15:34:38.124 [info] <0.43.0> Application rabbit_common started on node nonode@nohost
2019-10-11 15:34:38.128 [info] <0.43.0> Application amqp_client started on node nonode@nohost
2019-10-11 15:34:38.129 [info] <0.43.0> Application amqp started on node nonode@nohost
2019-10-11 15:34:38.129 [info] <0.43.0> Application rabbitmq_tutorials started on node nonode@nohost
